<?xml version="1.0" encoding="UTF-8"?>
<!-- Generated by org.testng.reporters.JUnitReportReporter -->
<testsuite hostname="DESKTOP-LP6OJ8A" failures="0" tests="1" name="lesson15.FibonacciSequence" time="0.010" errors="0" timestamp="2022-03-12T11:47:50 EST" skipped="0">
  <testcase classname="lesson15.FibonacciSequence" name="runFibonacciSerie" time="0.010"/>
  <system-out/>
</testsuite> <!-- lesson15.FibonacciSequence -->
