<?xml version="1.0" encoding="UTF-8"?>
<!-- Generated by org.testng.reporters.JUnitReportReporter -->
<testsuite hostname="DESKTOP-LP6OJ8A" failures="0" tests="3" name="lesson14.Annotationss" time="0.006" errors="0" timestamp="2022-03-12T13:57:21 EST" skipped="0">
  <testcase classname="lesson14.Annotationss" name="test1" time="0.001"/>
  <system-out/>
  <testcase classname="lesson14.Annotationss" name="test2" time="0.003"/>
  <system-out/>
  <testcase classname="lesson14.Annotationss" name="test3" time="0.002"/>
  <system-out/>
</testsuite> <!-- lesson14.Annotationss -->
