<?xml version="1.0" encoding="UTF-8"?>
<!-- Generated by org.testng.reporters.JUnitReportReporter -->
<testsuite hostname="DESKTOP-LP6OJ8A" failures="0" tests="11" name="lesson14.FacebookSignUpTestNG_Test" time="5.982" errors="0" timestamp="2022-03-12T16:07:31 EST" skipped="0">
  <testcase classname="lesson14.FacebookSignUpTestNG_Test" name="clickCreateAccount" time="0.069"/>
  <system-out/>
  <testcase classname="lesson14.FacebookSignUpTestNG_Test" name="setFirstName" time="0.292"/>
  <system-out/>
  <testcase classname="lesson14.FacebookSignUpTestNG_Test" name="setLastName" time="0.099"/>
  <system-out/>
  <testcase classname="lesson14.FacebookSignUpTestNG_Test" name="setMobileNumber" time="0.083"/>
  <system-out/>
  <testcase classname="lesson14.FacebookSignUpTestNG_Test" name="setPassword" time="0.072"/>
  <system-out/>
  <testcase classname="lesson14.FacebookSignUpTestNG_Test" name="setbirthdayMonth" time="0.089"/>
  <system-out/>
  <testcase classname="lesson14.FacebookSignUpTestNG_Test" name="setDate" time="0.103"/>
  <system-out/>
  <testcase classname="lesson14.FacebookSignUpTestNG_Test" name="setYear" time="0.084"/>
  <system-out/>
  <testcase classname="lesson14.FacebookSignUpTestNG_Test" name="setGender" time="0.062"/>
  <system-out/>
  <testcase classname="lesson14.FacebookSignUpTestNG_Test" name="clickSubmitButton" time="0.058"/>
  <system-out/>
  <testcase classname="lesson14.FacebookSignUpTestNG_Test" name="verifyErrorMessage" time="4.971"/>
  <system-out/>
</testsuite> <!-- lesson14.FacebookSignUpTestNG_Test -->
