<?xml version="1.0" encoding="UTF-8"?>
<!-- Generated by org.testng.reporters.JUnitReportReporter -->
<testsuite hostname="DESKTOP-LP6OJ8A" failures="0" tests="8" name="lesson15.DataProviderTest" time="0.004" errors="0" timestamp="2022-03-12T13:49:10 EST" skipped="0">
  <testcase classname="lesson15.DataProviderTest" name="providerTest" time="0.001"/>
  <system-out/>
  <testcase classname="lesson15.DataProviderTest" name="providerTest" time="0.000"/>
  <system-out/>
  <testcase classname="lesson15.DataProviderTest" name="providerTest1" time="0.001"/>
  <system-out/>
  <testcase classname="lesson15.DataProviderTest" name="providerTest1" time="0.001"/>
  <system-out/>
  <testcase classname="lesson15.DataProviderTest" name="providerTest" time="0.000"/>
  <system-out/>
  <testcase classname="lesson15.DataProviderTest" name="providerTest1" time="0.000"/>
  <system-out/>
  <testcase classname="lesson15.DataProviderTest" name="providerTest" time="0.001"/>
  <system-out/>
  <testcase classname="lesson15.DataProviderTest" name="providerTest1" time="0.000"/>
  <system-out/>
</testsuite> <!-- lesson15.DataProviderTest -->
