<?xml version="1.0" encoding="UTF-8"?>
<!-- Generated by org.testng.reporters.JUnitReportReporter -->
<testsuite hostname="DESKTOP-LP6OJ8A" failures="0" tests="1" name="lesson14.TestNG1" time="0.008" errors="0" timestamp="2022-03-07T20:36:27 EST" skipped="0">
  <testcase classname="lesson14.TestNG1" name="test1" time="0.008"/>
  <system-out/>
</testsuite> <!-- lesson14.TestNG1 -->
