<?xml version="1.0" encoding="UTF-8"?>
<!-- Generated by org.testng.reporters.JUnitReportReporter -->
<testsuite hostname="DESKTOP-LP6OJ8A" failures="0" tests="4" name="lesson15.DataProviderTest2Swag" time="25.646" errors="0" timestamp="2022-03-12T12:34:58 EST" skipped="0">
  <testcase classname="lesson15.DataProviderTest2Swag" name="loginTest" time="6.431"/>
  <system-out/>
  <testcase classname="lesson15.DataProviderTest2Swag" name="loginTest" time="9.593"/>
  <system-out/>
  <testcase classname="lesson15.DataProviderTest2Swag" name="loginTest" time="4.830"/>
  <system-out/>
  <testcase classname="lesson15.DataProviderTest2Swag" name="loginTest" time="4.792"/>
  <system-out/>
</testsuite> <!-- lesson15.DataProviderTest2Swag -->
